2018-04-03 18:05:58,384 - Loaded System Directive: org.apache.velocity.runtime.directive.Literal
2018-04-03 18:05:58,388 - Loaded System Directive: org.apache.velocity.runtime.directive.Macro
2018-04-03 18:05:58,394 - Loaded System Directive: org.apache.velocity.runtime.directive.Parse
2018-04-03 18:05:58,398 - Loaded System Directive: org.apache.velocity.runtime.directive.Include
2018-04-03 18:05:58,400 - Loaded System Directive: org.apache.velocity.runtime.directive.Foreach
2018-04-03 18:05:58,438 - Created: 20 parsers.
2018-04-03 18:05:58,449 - Velocimacro : initialization starting.
2018-04-03 18:05:58,449 - Velocimacro : adding VMs from VM library template : VM_global_library.vm
2018-04-03 18:05:58,500 - ResourceManager : unable to find resource 'VM_global_library.vm' in any resource loader.
2018-04-03 18:05:58,501 - Velocimacro : error using  VM library template VM_global_library.vm : org.apache.velocity.exception.ResourceNotFoundException: Unable to find resource 'VM_global_library.vm'
2018-04-03 18:05:58,501 - Velocimacro :  VM library template macro registration complete.
2018-04-03 18:05:58,501 - Velocimacro : allowInline = true : VMs can be defined inline in templates
2018-04-03 18:05:58,501 - Velocimacro : allowInlineToOverride = false : VMs defined inline may NOT replace previous VM definitions
2018-04-03 18:05:58,501 - Velocimacro : allowInlineLocal = false : VMs defined inline will be  global in scope if allowed.
2018-04-03 18:05:58,501 - Velocimacro : messages on  : VM system will output logging messages
2018-04-03 18:05:58,502 - Velocimacro : autoload off  : VM system will not automatically reload global library macros
2018-04-03 18:05:58,502 - Velocimacro : initialization complete.
2018-04-03 18:05:58,502 - Velocity successfully started.
2018-04-03 18:42:54,800 - SimpleLog4JLogSystem initialized using logfile 'velocity.log'
2018-04-03 18:42:54,801 - ************************************************************** 
2018-04-03 18:42:54,801 - Starting Jakarta Velocity v1.4
2018-04-03 18:42:54,801 - RuntimeInstance initializing.
2018-04-03 18:42:54,801 - Default Properties File: org\apache\velocity\runtime\defaults\velocity.properties
2018-04-03 18:42:54,801 - Trying to use logger class org.apache.velocity.runtime.log.SimpleLog4JLogSystem
2018-04-03 18:42:54,801 - Using logger class org.apache.velocity.runtime.log.SimpleLog4JLogSystem
2018-04-03 18:42:54,805 - Default ResourceManager initializing. (class org.apache.velocity.runtime.resource.ResourceManagerImpl)
2018-04-03 18:42:54,811 - Resource Loader Instantiated: org.apache.velocity.runtime.resource.loader.ClasspathResourceLoader
2018-04-03 18:42:54,811 - ClasspathResourceLoader : initialization starting.
2018-04-03 18:42:54,811 - ClasspathResourceLoader : initialization complete.
2018-04-03 18:42:54,814 - ResourceCache : initialized. (class org.apache.velocity.runtime.resource.ResourceCacheImpl)
2018-04-03 18:42:54,814 - Default ResourceManager initialization complete.
2018-04-03 18:42:54,828 - Loaded System Directive: org.apache.velocity.runtime.directive.Literal
2018-04-03 18:42:54,832 - Loaded System Directive: org.apache.velocity.runtime.directive.Macro
2018-04-03 18:42:54,835 - Loaded System Directive: org.apache.velocity.runtime.directive.Parse
2018-04-03 18:42:54,838 - Loaded System Directive: org.apache.velocity.runtime.directive.Include
2018-04-03 18:42:54,839 - Loaded System Directive: org.apache.velocity.runtime.directive.Foreach
2018-04-03 18:42:54,875 - Created: 20 parsers.
2018-04-03 18:42:54,885 - Velocimacro : initialization starting.
2018-04-03 18:42:54,885 - Velocimacro : adding VMs from VM library template : VM_global_library.vm
2018-04-03 18:42:54,909 - ResourceManager : unable to find resource 'VM_global_library.vm' in any resource loader.
2018-04-03 18:42:54,909 - Velocimacro : error using  VM library template VM_global_library.vm : org.apache.velocity.exception.ResourceNotFoundException: Unable to find resource 'VM_global_library.vm'
2018-04-03 18:42:54,909 - Velocimacro :  VM library template macro registration complete.
2018-04-03 18:42:54,909 - Velocimacro : allowInline = true : VMs can be defined inline in templates
2018-04-03 18:42:54,909 - Velocimacro : allowInlineToOverride = false : VMs defined inline may NOT replace previous VM definitions
2018-04-03 18:42:54,909 - Velocimacro : allowInlineLocal = false : VMs defined inline will be  global in scope if allowed.
2018-04-03 18:42:54,910 - Velocimacro : messages on  : VM system will output logging messages
2018-04-03 18:42:54,910 - Velocimacro : autoload off  : VM system will not automatically reload global library macros
2018-04-03 18:42:54,910 - Velocimacro : initialization complete.
2018-04-03 18:42:54,910 - Velocity successfully started.
2018-04-03 18:48:13,827 - SimpleLog4JLogSystem initialized using logfile 'velocity.log'
2018-04-03 18:48:13,827 - ************************************************************** 
2018-04-03 18:48:13,828 - Starting Jakarta Velocity v1.4
2018-04-03 18:48:13,828 - RuntimeInstance initializing.
2018-04-03 18:48:13,828 - Default Properties File: org\apache\velocity\runtime\defaults\velocity.properties
2018-04-03 18:48:13,828 - Trying to use logger class org.apache.velocity.runtime.log.SimpleLog4JLogSystem
2018-04-03 18:48:13,828 - Using logger class org.apache.velocity.runtime.log.SimpleLog4JLogSystem
2018-04-03 18:48:13,832 - Default ResourceManager initializing. (class org.apache.velocity.runtime.resource.ResourceManagerImpl)
2018-04-03 18:48:13,835 - Resource Loader Instantiated: org.apache.velocity.runtime.resource.loader.ClasspathResourceLoader
2018-04-03 18:48:13,835 - ClasspathResourceLoader : initialization starting.
2018-04-03 18:48:13,835 - ClasspathResourceLoader : initialization complete.
2018-04-03 18:48:13,837 - ResourceCache : initialized. (class org.apache.velocity.runtime.resource.ResourceCacheImpl)
2018-04-03 18:48:13,837 - Default ResourceManager initialization complete.
2018-04-03 18:48:13,845 - Loaded System Directive: org.apache.velocity.runtime.directive.Literal
2018-04-03 18:48:13,847 - Loaded System Directive: org.apache.velocity.runtime.directive.Macro
2018-04-03 18:48:13,851 - Loaded System Directive: org.apache.velocity.runtime.directive.Parse
2018-04-03 18:48:13,853 - Loaded System Directive: org.apache.velocity.runtime.directive.Include
2018-04-03 18:48:13,855 - Loaded System Directive: org.apache.velocity.runtime.directive.Foreach
2018-04-03 18:48:13,883 - Created: 20 parsers.
2018-04-03 18:48:13,898 - Velocimacro : initialization starting.
2018-04-03 18:48:13,898 - Velocimacro : adding VMs from VM library template : VM_global_library.vm
2018-04-03 18:48:13,925 - ResourceManager : unable to find resource 'VM_global_library.vm' in any resource loader.
2018-04-03 18:48:13,925 - Velocimacro : error using  VM library template VM_global_library.vm : org.apache.velocity.exception.ResourceNotFoundException: Unable to find resource 'VM_global_library.vm'
2018-04-03 18:48:13,925 - Velocimacro :  VM library template macro registration complete.
2018-04-03 18:48:13,925 - Velocimacro : allowInline = true : VMs can be defined inline in templates
2018-04-03 18:48:13,925 - Velocimacro : allowInlineToOverride = false : VMs defined inline may NOT replace previous VM definitions
2018-04-03 18:48:13,925 - Velocimacro : allowInlineLocal = false : VMs defined inline will be  global in scope if allowed.
2018-04-03 18:48:13,925 - Velocimacro : messages on  : VM system will output logging messages
2018-04-03 18:48:13,925 - Velocimacro : autoload off  : VM system will not automatically reload global library macros
2018-04-03 18:48:13,925 - Velocimacro : initialization complete.
2018-04-03 18:48:13,925 - Velocity successfully started.
2018-04-03 18:50:05,064 - SimpleLog4JLogSystem initialized using logfile 'velocity.log'
2018-04-03 18:50:05,065 - ************************************************************** 
2018-04-03 18:50:05,065 - Starting Jakarta Velocity v1.4
2018-04-03 18:50:05,065 - RuntimeInstance initializing.
2018-04-03 18:50:05,065 - Default Properties File: org\apache\velocity\runtime\defaults\velocity.properties
2018-04-03 18:50:05,065 - Trying to use logger class org.apache.velocity.runtime.log.SimpleLog4JLogSystem
2018-04-03 18:50:05,065 - Using logger class org.apache.velocity.runtime.log.SimpleLog4JLogSystem
2018-04-03 18:50:05,071 - Default ResourceManager initializing. (class org.apache.velocity.runtime.resource.ResourceManagerImpl)
2018-04-03 18:50:05,077 - Resource Loader Instantiated: org.apache.velocity.runtime.resource.loader.ClasspathResourceLoader
2018-04-03 18:50:05,077 - ClasspathResourceLoader : initialization starting.
2018-04-03 18:50:05,077 - ClasspathResourceLoader : initialization complete.
2018-04-03 18:50:05,081 - ResourceCache : initialized. (class org.apache.velocity.runtime.resource.ResourceCacheImpl)
2018-04-03 18:50:05,081 - Default ResourceManager initialization complete.
2018-04-03 18:50:05,093 - Loaded System Directive: org.apache.velocity.runtime.directive.Literal
2018-04-03 18:50:05,095 - Loaded System Directive: org.apache.velocity.runtime.directive.Macro
2018-04-03 18:50:05,099 - Loaded System Directive: org.apache.velocity.runtime.directive.Parse
2018-04-03 18:50:05,102 - Loaded System Directive: org.apache.velocity.runtime.directive.Include
2018-04-03 18:50:05,104 - Loaded System Directive: org.apache.velocity.runtime.directive.Foreach
2018-04-03 18:50:05,143 - Created: 20 parsers.
2018-04-03 18:50:05,159 - Velocimacro : initialization starting.
2018-04-03 18:50:05,159 - Velocimacro : adding VMs from VM library template : VM_global_library.vm
2018-04-03 18:50:05,183 - ResourceManager : unable to find resource 'VM_global_library.vm' in any resource loader.
2018-04-03 18:50:05,183 - Velocimacro : error using  VM library template VM_global_library.vm : org.apache.velocity.exception.ResourceNotFoundException: Unable to find resource 'VM_global_library.vm'
2018-04-03 18:50:05,183 - Velocimacro :  VM library template macro registration complete.
2018-04-03 18:50:05,184 - Velocimacro : allowInline = true : VMs can be defined inline in templates
2018-04-03 18:50:05,184 - Velocimacro : allowInlineToOverride = false : VMs defined inline may NOT replace previous VM definitions
2018-04-03 18:50:05,184 - Velocimacro : allowInlineLocal = false : VMs defined inline will be  global in scope if allowed.
2018-04-03 18:50:05,184 - Velocimacro : messages on  : VM system will output logging messages
2018-04-03 18:50:05,184 - Velocimacro : autoload off  : VM system will not automatically reload global library macros
2018-04-03 18:50:05,184 - Velocimacro : initialization complete.
2018-04-03 18:50:05,184 - Velocity successfully started.
2018-04-03 18:54:29,779 - SimpleLog4JLogSystem initialized using logfile 'velocity.log'
2018-04-03 18:54:29,779 - ************************************************************** 
2018-04-03 18:54:29,779 - Starting Jakarta Velocity v1.4
2018-04-03 18:54:29,779 - RuntimeInstance initializing.
2018-04-03 18:54:29,779 - Default Properties File: org\apache\velocity\runtime\defaults\velocity.properties
2018-04-03 18:54:29,779 - Trying to use logger class org.apache.velocity.runtime.log.SimpleLog4JLogSystem
2018-04-03 18:54:29,779 - Using logger class org.apache.velocity.runtime.log.SimpleLog4JLogSystem
2018-04-03 18:54:29,785 - Default ResourceManager initializing. (class org.apache.velocity.runtime.resource.ResourceManagerImpl)
2018-04-03 18:54:29,791 - Resource Loader Instantiated: org.apache.velocity.runtime.resource.loader.ClasspathResourceLoader
2018-04-03 18:54:29,791 - ClasspathResourceLoader : initialization starting.
2018-04-03 18:54:29,792 - ClasspathResourceLoader : initialization complete.
2018-04-03 18:54:29,795 - ResourceCache : initialized. (class org.apache.velocity.runtime.resource.ResourceCacheImpl)
2018-04-03 18:54:29,796 - Default ResourceManager initialization complete.
2018-04-03 18:54:29,830 - Loaded System Directive: org.apache.velocity.runtime.directive.Literal
2018-04-03 18:54:29,833 - Loaded System Directive: org.apache.velocity.runtime.directive.Macro
2018-04-03 18:54:29,838 - Loaded System Directive: org.apache.velocity.runtime.directive.Parse
2018-04-03 18:54:29,842 - Loaded System Directive: org.apache.velocity.runtime.directive.Include
2018-04-03 18:54:29,843 - Loaded System Directive: org.apache.velocity.runtime.directive.Foreach
2018-04-03 18:54:29,880 - Created: 20 parsers.
2018-04-03 18:54:29,899 - Velocimacro : initialization starting.
2018-04-03 18:54:29,899 - Velocimacro : adding VMs from VM library template : VM_global_library.vm
2018-04-03 18:54:29,923 - ResourceManager : unable to find resource 'VM_global_library.vm' in any resource loader.
2018-04-03 18:54:29,923 - Velocimacro : error using  VM library template VM_global_library.vm : org.apache.velocity.exception.ResourceNotFoundException: Unable to find resource 'VM_global_library.vm'
2018-04-03 18:54:29,923 - Velocimacro :  VM library template macro registration complete.
2018-04-03 18:54:29,923 - Velocimacro : allowInline = true : VMs can be defined inline in templates
2018-04-03 18:54:29,923 - Velocimacro : allowInlineToOverride = false : VMs defined inline may NOT replace previous VM definitions
2018-04-03 18:54:29,924 - Velocimacro : allowInlineLocal = false : VMs defined inline will be  global in scope if allowed.
2018-04-03 18:54:29,924 - Velocimacro : messages on  : VM system will output logging messages
2018-04-03 18:54:29,924 - Velocimacro : autoload off  : VM system will not automatically reload global library macros
2018-04-03 18:54:29,924 - Velocimacro : initialization complete.
2018-04-03 18:54:29,924 - Velocity successfully started.
2018-04-03 18:58:01,345 - SimpleLog4JLogSystem initialized using logfile 'velocity.log'
2018-04-03 18:58:01,346 - ************************************************************** 
2018-04-03 18:58:01,346 - Starting Jakarta Velocity v1.4
2018-04-03 18:58:01,346 - RuntimeInstance initializing.
2018-04-03 18:58:01,346 - Default Properties File: org\apache\velocity\runtime\defaults\velocity.properties
2018-04-03 18:58:01,346 - Trying to use logger class org.apache.velocity.runtime.log.SimpleLog4JLogSystem
2018-04-03 18:58:01,346 - Using logger class org.apache.velocity.runtime.log.SimpleLog4JLogSystem
2018-04-03 18:58:01,350 - Default ResourceManager initializing. (class org.apache.velocity.runtime.resource.ResourceManagerImpl)
2018-04-03 18:58:01,355 - Resource Loader Instantiated: org.apache.velocity.runtime.resource.loader.ClasspathResourceLoader
2018-04-03 18:58:01,355 - ClasspathResourceLoader : initialization starting.
2018-04-03 18:58:01,355 - ClasspathResourceLoader : initialization complete.
2018-04-03 18:58:01,359 - ResourceCache : initialized. (class org.apache.velocity.runtime.resource.ResourceCacheImpl)
2018-04-03 18:58:01,359 - Default ResourceManager initialization complete.
2018-04-03 18:58:01,372 - Loaded System Directive: org.apache.velocity.runtime.directive.Literal
2018-04-03 18:58:01,376 - Loaded System Directive: org.apache.velocity.runtime.directive.Macro
2018-04-03 18:58:01,382 - Loaded System Directive: org.apache.velocity.runtime.directive.Parse
2018-04-03 18:58:01,386 - Loaded System Directive: org.apache.velocity.runtime.directive.Include
2018-04-03 18:58:01,389 - Loaded System Directive: org.apache.velocity.runtime.directive.Foreach
2018-04-03 18:58:01,429 - Created: 20 parsers.
2018-04-03 18:58:01,446 - Velocimacro : initialization starting.
2018-04-03 18:58:01,446 - Velocimacro : adding VMs from VM library template : VM_global_library.vm
2018-04-03 18:58:01,478 - ResourceManager : unable to find resource 'VM_global_library.vm' in any resource loader.
2018-04-03 18:58:01,478 - Velocimacro : error using  VM library template VM_global_library.vm : org.apache.velocity.exception.ResourceNotFoundException: Unable to find resource 'VM_global_library.vm'
2018-04-03 18:58:01,478 - Velocimacro :  VM library template macro registration complete.
2018-04-03 18:58:01,479 - Velocimacro : allowInline = true : VMs can be defined inline in templates
2018-04-03 18:58:01,479 - Velocimacro : allowInlineToOverride = false : VMs defined inline may NOT replace previous VM definitions
2018-04-03 18:58:01,479 - Velocimacro : allowInlineLocal = false : VMs defined inline will be  global in scope if allowed.
2018-04-03 18:58:01,479 - Velocimacro : messages on  : VM system will output logging messages
2018-04-03 18:58:01,479 - Velocimacro : autoload off  : VM system will not automatically reload global library macros
2018-04-03 18:58:01,479 - Velocimacro : initialization complete.
2018-04-03 18:58:01,479 - Velocity successfully started.
2018-04-03 19:04:38,721 - SimpleLog4JLogSystem initialized using logfile 'velocity.log'
2018-04-03 19:04:38,721 - ************************************************************** 
2018-04-03 19:04:38,721 - Starting Jakarta Velocity v1.4
2018-04-03 19:04:38,721 - RuntimeInstance initializing.
2018-04-03 19:04:38,721 - Default Properties File: org\apache\velocity\runtime\defaults\velocity.properties
2018-04-03 19:04:38,721 - Trying to use logger class org.apache.velocity.runtime.log.SimpleLog4JLogSystem
2018-04-03 19:04:38,721 - Using logger class org.apache.velocity.runtime.log.SimpleLog4JLogSystem
2018-04-03 19:04:38,726 - Default ResourceManager initializing. (class org.apache.velocity.runtime.resource.ResourceManagerImpl)
2018-04-03 19:04:38,730 - Resource Loader Instantiated: org.apache.velocity.runtime.resource.loader.ClasspathResourceLoader
2018-04-03 19:04:38,730 - ClasspathResourceLoader : initialization starting.
2018-04-03 19:04:38,730 - ClasspathResourceLoader : initialization complete.
2018-04-03 19:04:38,735 - ResourceCache : initialized. (class org.apache.velocity.runtime.resource.ResourceCacheImpl)
2018-04-03 19:04:38,736 - Default ResourceManager initialization complete.
2018-04-03 19:04:38,745 - Loaded System Directive: org.apache.velocity.runtime.directive.Literal
2018-04-03 19:04:38,747 - Loaded System Directive: org.apache.velocity.runtime.directive.Macro
2018-04-03 19:04:38,751 - Loaded System Directive: org.apache.velocity.runtime.directive.Parse
2018-04-03 19:04:38,755 - Loaded System Directive: org.apache.velocity.runtime.directive.Include
2018-04-03 19:04:38,756 - Loaded System Directive: org.apache.velocity.runtime.directive.Foreach
2018-04-03 19:04:38,797 - Created: 20 parsers.
2018-04-03 19:04:38,806 - Velocimacro : initialization starting.
2018-04-03 19:04:38,807 - Velocimacro : adding VMs from VM library template : VM_global_library.vm
2018-04-03 19:04:38,839 - ResourceManager : unable to find resource 'VM_global_library.vm' in any resource loader.
2018-04-03 19:04:38,839 - Velocimacro : error using  VM library template VM_global_library.vm : org.apache.velocity.exception.ResourceNotFoundException: Unable to find resource 'VM_global_library.vm'
2018-04-03 19:04:38,839 - Velocimacro :  VM library template macro registration complete.
2018-04-03 19:04:38,839 - Velocimacro : allowInline = true : VMs can be defined inline in templates
2018-04-03 19:04:38,839 - Velocimacro : allowInlineToOverride = false : VMs defined inline may NOT replace previous VM definitions
2018-04-03 19:04:38,839 - Velocimacro : allowInlineLocal = false : VMs defined inline will be  global in scope if allowed.
2018-04-03 19:04:38,840 - Velocimacro : messages on  : VM system will output logging messages
2018-04-03 19:04:38,840 - Velocimacro : autoload off  : VM system will not automatically reload global library macros
2018-04-03 19:04:38,840 - Velocimacro : initialization complete.
2018-04-03 19:04:38,840 - Velocity successfully started.
2018-04-03 19:14:35,882 - SimpleLog4JLogSystem initialized using logfile 'velocity.log'
2018-04-03 19:14:35,883 - ************************************************************** 
2018-04-03 19:14:35,883 - Starting Jakarta Velocity v1.4
2018-04-03 19:14:35,883 - RuntimeInstance initializing.
2018-04-03 19:14:35,883 - Default Properties File: org\apache\velocity\runtime\defaults\velocity.properties
2018-04-03 19:14:35,883 - Trying to use logger class org.apache.velocity.runtime.log.SimpleLog4JLogSystem
2018-04-03 19:14:35,883 - Using logger class org.apache.velocity.runtime.log.SimpleLog4JLogSystem
2018-04-03 19:14:35,887 - Default ResourceManager initializing. (class org.apache.velocity.runtime.resource.ResourceManagerImpl)
2018-04-03 19:14:35,891 - Resource Loader Instantiated: org.apache.velocity.runtime.resource.loader.ClasspathResourceLoader
2018-04-03 19:14:35,892 - ClasspathResourceLoader : initialization starting.
2018-04-03 19:14:35,892 - ClasspathResourceLoader : initialization complete.
2018-04-03 19:14:35,895 - ResourceCache : initialized. (class org.apache.velocity.runtime.resource.ResourceCacheImpl)
2018-04-03 19:14:35,895 - Default ResourceManager initialization complete.
2018-04-03 19:14:35,907 - Loaded System Directive: org.apache.velocity.runtime.directive.Literal
2018-04-03 19:14:35,911 - Loaded System Directive: org.apache.velocity.runtime.directive.Macro
2018-04-03 19:14:35,916 - Loaded System Directive: org.apache.velocity.runtime.directive.Parse
2018-04-03 19:14:35,920 - Loaded System Directive: org.apache.velocity.runtime.directive.Include
2018-04-03 19:14:35,922 - Loaded System Directive: org.apache.velocity.runtime.directive.Foreach
2018-04-03 19:14:35,966 - Created: 20 parsers.
2018-04-03 19:14:35,978 - Velocimacro : initialization starting.
2018-04-03 19:14:35,978 - Velocimacro : adding VMs from VM library template : VM_global_library.vm
2018-04-03 19:14:36,004 - ResourceManager : unable to find resource 'VM_global_library.vm' in any resource loader.
2018-04-03 19:14:36,004 - Velocimacro : error using  VM library template VM_global_library.vm : org.apache.velocity.exception.ResourceNotFoundException: Unable to find resource 'VM_global_library.vm'
2018-04-03 19:14:36,004 - Velocimacro :  VM library template macro registration complete.
2018-04-03 19:14:36,004 - Velocimacro : allowInline = true : VMs can be defined inline in templates
2018-04-03 19:14:36,005 - Velocimacro : allowInlineToOverride = false : VMs defined inline may NOT replace previous VM definitions
2018-04-03 19:14:36,005 - Velocimacro : allowInlineLocal = false : VMs defined inline will be  global in scope if allowed.
2018-04-03 19:14:36,005 - Velocimacro : messages on  : VM system will output logging messages
2018-04-03 19:14:36,005 - Velocimacro : autoload off  : VM system will not automatically reload global library macros
2018-04-03 19:14:36,005 - Velocimacro : initialization complete.
2018-04-03 19:14:36,005 - Velocity successfully started.
2018-04-03 19:41:23,016 - SimpleLog4JLogSystem initialized using logfile 'velocity.log'
2018-04-03 19:41:23,016 - ************************************************************** 
2018-04-03 19:41:23,017 - Starting Jakarta Velocity v1.4
2018-04-03 19:41:23,017 - RuntimeInstance initializing.
2018-04-03 19:41:23,017 - Default Properties File: org\apache\velocity\runtime\defaults\velocity.properties
2018-04-03 19:41:23,017 - Trying to use logger class org.apache.velocity.runtime.log.SimpleLog4JLogSystem
2018-04-03 19:41:23,017 - Using logger class org.apache.velocity.runtime.log.SimpleLog4JLogSystem
2018-04-03 19:41:23,022 - Default ResourceManager initializing. (class org.apache.velocity.runtime.resource.ResourceManagerImpl)
2018-04-03 19:41:23,025 - Resource Loader Instantiated: org.apache.velocity.runtime.resource.loader.ClasspathResourceLoader
2018-04-03 19:41:23,025 - ClasspathResourceLoader : initialization starting.
2018-04-03 19:41:23,025 - ClasspathResourceLoader : initialization complete.
2018-04-03 19:41:23,028 - ResourceCache : initialized. (class org.apache.velocity.runtime.resource.ResourceCacheImpl)
2018-04-03 19:41:23,028 - Default ResourceManager initialization complete.
2018-04-03 19:41:23,038 - Loaded System Directive: org.apache.velocity.runtime.directive.Literal
2018-04-03 19:41:23,042 - Loaded System Directive: org.apache.velocity.runtime.directive.Macro
2018-04-03 19:41:23,048 - Loaded System Directive: org.apache.velocity.runtime.directive.Parse
2018-04-03 19:41:23,052 - Loaded System Directive: org.apache.velocity.runtime.directive.Include
2018-04-03 19:41:23,054 - Loaded System Directive: org.apache.velocity.runtime.directive.Foreach
2018-04-03 19:41:23,102 - Created: 20 parsers.
2018-04-03 19:41:23,113 - Velocimacro : initialization starting.
2018-04-03 19:41:23,113 - Velocimacro : adding VMs from VM library template : VM_global_library.vm
2018-04-03 19:41:23,141 - ResourceManager : unable to find resource 'VM_global_library.vm' in any resource loader.
2018-04-03 19:41:23,142 - Velocimacro : error using  VM library template VM_global_library.vm : org.apache.velocity.exception.ResourceNotFoundException: Unable to find resource 'VM_global_library.vm'
2018-04-03 19:41:23,142 - Velocimacro :  VM library template macro registration complete.
2018-04-03 19:41:23,142 - Velocimacro : allowInline = true : VMs can be defined inline in templates
2018-04-03 19:41:23,142 - Velocimacro : allowInlineToOverride = false : VMs defined inline may NOT replace previous VM definitions
2018-04-03 19:41:23,142 - Velocimacro : allowInlineLocal = false : VMs defined inline will be  global in scope if allowed.
2018-04-03 19:41:23,142 - Velocimacro : messages on  : VM system will output logging messages
2018-04-03 19:41:23,142 - Velocimacro : autoload off  : VM system will not automatically reload global library macros
2018-04-03 19:41:23,142 - Velocimacro : initialization complete.
2018-04-03 19:41:23,142 - Velocity successfully started.
2018-04-03 19:44:51,909 - SimpleLog4JLogSystem initialized using logfile 'velocity.log'
2018-04-03 19:44:51,910 - ************************************************************** 
2018-04-03 19:44:51,910 - Starting Jakarta Velocity v1.4
2018-04-03 19:44:51,910 - RuntimeInstance initializing.
2018-04-03 19:44:51,910 - Default Properties File: org\apache\velocity\runtime\defaults\velocity.properties
2018-04-03 19:44:51,910 - Trying to use logger class org.apache.velocity.runtime.log.SimpleLog4JLogSystem
2018-04-03 19:44:51,910 - Using logger class org.apache.velocity.runtime.log.SimpleLog4JLogSystem
2018-04-03 19:44:51,917 - Default ResourceManager initializing. (class org.apache.velocity.runtime.resource.ResourceManagerImpl)
2018-04-03 19:44:51,922 - Resource Loader Instantiated: org.apache.velocity.runtime.resource.loader.ClasspathResourceLoader
2018-04-03 19:44:51,922 - ClasspathResourceLoader : initialization starting.
2018-04-03 19:44:51,922 - ClasspathResourceLoader : initialization complete.
2018-04-03 19:44:51,926 - ResourceCache : initialized. (class org.apache.velocity.runtime.resource.ResourceCacheImpl)
2018-04-03 19:44:51,926 - Default ResourceManager initialization complete.
2018-04-03 19:44:51,937 - Loaded System Directive: org.apache.velocity.runtime.directive.Literal
2018-04-03 19:44:51,940 - Loaded System Directive: org.apache.velocity.runtime.directive.Macro
2018-04-03 19:44:51,945 - Loaded System Directive: org.apache.velocity.runtime.directive.Parse
2018-04-03 19:44:51,949 - Loaded System Directive: org.apache.velocity.runtime.directive.Include
2018-04-03 19:44:51,951 - Loaded System Directive: org.apache.velocity.runtime.directive.Foreach
2018-04-03 19:44:51,984 - Created: 20 parsers.
2018-04-03 19:44:51,996 - Velocimacro : initialization starting.
2018-04-03 19:44:51,996 - Velocimacro : adding VMs from VM library template : VM_global_library.vm
2018-04-03 19:44:52,020 - ResourceManager : unable to find resource 'VM_global_library.vm' in any resource loader.
2018-04-03 19:44:52,020 - Velocimacro : error using  VM library template VM_global_library.vm : org.apache.velocity.exception.ResourceNotFoundException: Unable to find resource 'VM_global_library.vm'
2018-04-03 19:44:52,020 - Velocimacro :  VM library template macro registration complete.
2018-04-03 19:44:52,020 - Velocimacro : allowInline = true : VMs can be defined inline in templates
2018-04-03 19:44:52,020 - Velocimacro : allowInlineToOverride = false : VMs defined inline may NOT replace previous VM definitions
2018-04-03 19:44:52,020 - Velocimacro : allowInlineLocal = false : VMs defined inline will be  global in scope if allowed.
2018-04-03 19:44:52,020 - Velocimacro : messages on  : VM system will output logging messages
2018-04-03 19:44:52,020 - Velocimacro : autoload off  : VM system will not automatically reload global library macros
2018-04-03 19:44:52,020 - Velocimacro : initialization complete.
2018-04-03 19:44:52,020 - Velocity successfully started.
2018-04-03 20:08:38,963 - SimpleLog4JLogSystem initialized using logfile 'velocity.log'
2018-04-03 20:08:38,963 - ************************************************************** 
2018-04-03 20:08:38,964 - Starting Jakarta Velocity v1.4
2018-04-03 20:08:38,964 - RuntimeInstance initializing.
2018-04-03 20:08:38,964 - Default Properties File: org\apache\velocity\runtime\defaults\velocity.properties
2018-04-03 20:08:38,964 - Trying to use logger class org.apache.velocity.runtime.log.SimpleLog4JLogSystem
2018-04-03 20:08:38,964 - Using logger class org.apache.velocity.runtime.log.SimpleLog4JLogSystem
2018-04-03 20:08:38,971 - Default ResourceManager initializing. (class org.apache.velocity.runtime.resource.ResourceManagerImpl)
2018-04-03 20:08:38,976 - Resource Loader Instantiated: org.apache.velocity.runtime.resource.loader.ClasspathResourceLoader
2018-04-03 20:08:38,976 - ClasspathResourceLoader : initialization starting.
2018-04-03 20:08:38,976 - ClasspathResourceLoader : initialization complete.
2018-04-03 20:08:38,980 - ResourceCache : initialized. (class org.apache.velocity.runtime.resource.ResourceCacheImpl)
2018-04-03 20:08:38,980 - Default ResourceManager initialization complete.
2018-04-03 20:08:38,990 - Loaded System Directive: org.apache.velocity.runtime.directive.Literal
2018-04-03 20:08:38,993 - Loaded System Directive: org.apache.velocity.runtime.directive.Macro
2018-04-03 20:08:38,998 - Loaded System Directive: org.apache.velocity.runtime.directive.Parse
2018-04-03 20:08:39,002 - Loaded System Directive: org.apache.velocity.runtime.directive.Include
2018-04-03 20:08:39,004 - Loaded System Directive: org.apache.velocity.runtime.directive.Foreach
2018-04-03 20:08:39,040 - Created: 20 parsers.
2018-04-03 20:08:39,054 - Velocimacro : initialization starting.
2018-04-03 20:08:39,054 - Velocimacro : adding VMs from VM library template : VM_global_library.vm
2018-04-03 20:08:39,083 - ResourceManager : unable to find resource 'VM_global_library.vm' in any resource loader.
2018-04-03 20:08:39,083 - Velocimacro : error using  VM library template VM_global_library.vm : org.apache.velocity.exception.ResourceNotFoundException: Unable to find resource 'VM_global_library.vm'
2018-04-03 20:08:39,083 - Velocimacro :  VM library template macro registration complete.
2018-04-03 20:08:39,083 - Velocimacro : allowInline = true : VMs can be defined inline in templates
2018-04-03 20:08:39,083 - Velocimacro : allowInlineToOverride = false : VMs defined inline may NOT replace previous VM definitions
2018-04-03 20:08:39,083 - Velocimacro : allowInlineLocal = false : VMs defined inline will be  global in scope if allowed.
2018-04-03 20:08:39,083 - Velocimacro : messages on  : VM system will output logging messages
2018-04-03 20:08:39,083 - Velocimacro : autoload off  : VM system will not automatically reload global library macros
2018-04-03 20:08:39,083 - Velocimacro : initialization complete.
2018-04-03 20:08:39,083 - Velocity successfully started.
